<?xml version="1.0" encoding="UTF-8"?>
<!-- Generated by org.testng.reporters.JUnitReportReporter -->
<testsuite hostname="WM-C02RT3R8G8WP" name="com.agoda.downloader.support.FileUtilsTest" tests="1" failures="0" timestamp="16 Apr 2019 12:22:18 GMT" time="0.004" errors="0">
  <testcase name="downloadFileUsingStreamTest" time="0.004" classname="com.agoda.downloader.support.FileUtilsTest"/>
</testsuite> <!-- com.agoda.downloader.support.FileUtilsTest -->
