<?xml version="1.0" encoding="UTF-8"?>
<!-- Generated by org.testng.reporters.JUnitReportReporter -->
<testsuite hostname="WM-C02RT3R8G8WP" name="com.agoda.downloader.client.factory.ClientFactoryTest" tests="3" failures="0" timestamp="16 Apr 2019 12:22:18 GMT" time="0.044" errors="0">
  <testcase name="createHTttpClientTest" time="0.001" classname="com.agoda.downloader.client.factory.ClientFactoryTest"/>
  <testcase name="createSftpClientTest" time="0.002" classname="com.agoda.downloader.client.factory.ClientFactoryTest"/>
  <testcase name="createFtpClientTest" time="0.041" classname="com.agoda.downloader.client.factory.ClientFactoryTest"/>
</testsuite> <!-- com.agoda.downloader.client.factory.ClientFactoryTest -->
