<?xml version="1.0" encoding="UTF-8"?>
<!-- Generated by org.testng.reporters.JUnitReportReporter -->
<testsuite hostname="WM-C02RT3R8G8WP" name="com.agoda.downloader.client.factory.ClientFactoryTest" tests="3" failures="0" timestamp="16 Apr 2019 07:29:12 GMT" time="0.070" errors="0">
  <testcase name="createFtpClientTest" time="0.062" classname="com.agoda.downloader.client.factory.ClientFactoryTest"/>
  <testcase name="createHTttpClientTest" time="0.003" classname="com.agoda.downloader.client.factory.ClientFactoryTest"/>
  <testcase name="createSftpClientTest" time="0.005" classname="com.agoda.downloader.client.factory.ClientFactoryTest"/>
</testsuite> <!-- com.agoda.downloader.client.factory.ClientFactoryTest -->
