<?xml version="1.0" encoding="UTF-8"?>
<!-- Generated by org.testng.reporters.JUnitReportReporter -->
<testsuite hostname="WM-C02RT3R8G8WP" name="com.agoda.downloader.client.SftpClientTest" tests="1" failures="0" timestamp="16 Apr 2019 12:51:05 GMT" time="94.854" errors="0">
  <testcase name="getInputStreamTest" time="94.854" classname="com.agoda.downloader.client.SftpClientTest"/>
</testsuite> <!-- com.agoda.downloader.client.SftpClientTest -->
