<?xml version="1.0" encoding="UTF-8"?>
<!-- Generated by org.testng.reporters.JUnitReportReporter -->
<testsuite hostname="WM-C02RT3R8G8WP" name="com.agoda.downloader.client.HttpClientTest" tests="1" failures="0" timestamp="16 Apr 2019 12:37:23 GMT" time="0.232" errors="0">
  <testcase name="getFileAsInputStreamTest" time="0.232" classname="com.agoda.downloader.client.HttpClientTest"/>
</testsuite> <!-- com.agoda.downloader.client.HttpClientTest -->
