<?xml version="1.0" encoding="UTF-8"?>
<!-- Generated by org.testng.reporters.JUnitReportReporter -->
<testsuite hostname="WM-C02RT3R8G8WP" name="com.agoda.downloader.database.support.DBConnectionFactoryTest" tests="1" failures="0" timestamp="16 Apr 2019 14:01:21 GMT" time="0.323" errors="0">
  <testcase name="getDbConnectionTest" time="0.323" classname="com.agoda.downloader.database.support.DBConnectionFactoryTest"/>
</testsuite> <!-- com.agoda.downloader.database.support.DBConnectionFactoryTest -->
