<?xml version="1.0" encoding="UTF-8"?>
<!-- Generated by org.testng.reporters.JUnitReportReporter -->
<testsuite hostname="WM-C02RT3R8G8WP" name="com.agoda.downloader.client.FtpClientTest" tests="1" failures="0" timestamp="16 Apr 2019 13:00:17 GMT" time="0.077" errors="0">
  <testcase name="getInputStreamTest" time="0.077" classname="com.agoda.downloader.client.FtpClientTest"/>
</testsuite> <!-- com.agoda.downloader.client.FtpClientTest -->
