<?xml version="1.0" encoding="UTF-8"?>
<!-- Generated by org.testng.reporters.JUnitReportReporter -->
<testsuite hostname="WM-C02RT3R8G8WP" name="com.agoda.downloader.support.CommonUtilsTest" tests="6" failures="0" timestamp="16 Apr 2019 06:17:08 GMT" time="0.027" errors="0">
  <testcase name="getHostFromUrlTest2" time="0.001" classname="com.agoda.downloader.support.CommonUtilsTest"/>
  <testcase name="getHostFromUrlTest" time="0.001" classname="com.agoda.downloader.support.CommonUtilsTest"/>
  <testcase name="getFileNameFromUrlTest2" time="0.001" classname="com.agoda.downloader.support.CommonUtilsTest"/>
  <testcase name="getCompleteFilePathFromUrlTest" time="0.021" classname="com.agoda.downloader.support.CommonUtilsTest"/>
  <testcase name="getFileNameFromUrlTest" time="0.001" classname="com.agoda.downloader.support.CommonUtilsTest"/>
  <testcase name="getCompleteFilePathFromUrlTest2" time="0.002" classname="com.agoda.downloader.support.CommonUtilsTest"/>
</testsuite> <!-- com.agoda.downloader.support.CommonUtilsTest -->
